# JRE version: Java(TM) SE Runtime Environment (8.0_241-b07) (build 1.8.0_241-b07)
# Java VM: Java HotSpot(TM) 64-Bit Server VM (25.241-b07 mixed mode windows-amd64 compressed oops)
Heap:
 PSYoungGen      total 1634304K, used 571433K [0x0000000755f00000, 0x00000007c0000000, 0x00000007c0000000)
  eden space 1563648K, 32% used [0x0000000755f00000,0x000000077480df48,0x00000007b5600000)
  from space 70656K, 99% used [0x00000007bbb00000,0x00000007bfffc5c0,0x00000007c0000000)
  to   space 87040K, 0% used [0x00000007b5600000,0x00000007b5600000,0x00000007bab00000)
 ParOldGen       total 3476480K, used 134960K [0x0000000681c00000, 0x0000000755f00000, 0x0000000755f00000)
  object space 3476480K, 3% used [0x0000000681c00000,0x0000000689fcc208,0x0000000755f00000)
 Metaspace       used 83686K, capacity 92515K, committed 92824K, reserved 1128448K
  class space    used 12301K, capacity 14172K, committed 14256K, reserved 1048576K
GC Heap History (10 events):
Event: 18.073 GC heap before
{Heap before GC invocations=17 (full 2):
 PSYoungGen      total 1675264K, used 363510K [0x0000000755f00000, 0x00000007c0000000, 0x00000007c0000000)
  eden space 1614848K, 19% used [0x0000000755f00000,0x0000000768dd4dc0,0x00000007b8800000)
  from space 60416K, 88% used [0x00000007bc500000,0x00000007bf928b38,0x00000007c0000000)
  to   space 61440K, 0% used [0x00000007b8800000,0x00000007b8800000,0x00000007bc400000)
 ParOldGen       total 3476480K, used 68734K [0x0000000681c00000, 0x0000000755f00000, 0x0000000755f00000)
  object space 3476480K, 1% used [0x0000000681c00000,0x0000000685f1fa80,0x0000000755f00000)
 Metaspace       used 54067K, capacity 59041K, committed 59160K, reserved 1099776K
  class space    used 7321K, capacity 8465K, committed 8496K, reserved 1048576K
Event: 18.113 GC heap after
Heap after GC invocations=17 (full 2):
 PSYoungGen      total 1668096K, used 53203K [0x0000000755f00000, 0x00000007c0000000, 0x00000007c0000000)
  eden space 1614848K, 0% used [0x0000000755f00000,0x0000000755f00000,0x00000007b8800000)
  from space 53248K, 99% used [0x00000007b8800000,0x00000007bbbf4e90,0x00000007bbc00000)
  to   space 61952K, 0% used [0x00000007bc380000,0x00000007bc380000,0x00000007c0000000)
 ParOldGen       total 3476480K, used 68734K [0x0000000681c00000, 0x0000000755f00000, 0x0000000755f00000)
  object space 3476480K, 1% used [0x0000000681c00000,0x0000000685f1fa80,0x0000000755f00000)
 Metaspace       used 54067K, capacity 59041K, committed 59160K, reserved 1099776K
  class space    used 7321K, capacity 8465K, committed 8496K, reserved 1048576K
}
Event: 18.113 GC heap before
{Heap before GC invocations=18 (full 3):
 PSYoungGen      total 1668096K, used 53203K [0x0000000755f00000, 0x00000007c0000000, 0x00000007c0000000)
  eden space 1614848K, 0% used [0x0000000755f00000,0x0000000755f00000,0x00000007b8800000)
  from space 53248K, 99% used [0x00000007b8800000,0x00000007bbbf4e90,0x00000007bbc00000)
  to   space 61952K, 0% used [0x00000007bc380000,0x00000007bc380000,0x00000007c0000000)
 ParOldGen       total 3476480K, used 68734K [0x0000000681c00000, 0x0000000755f00000, 0x0000000755f00000)
  object space 3476480K, 1% used [0x0000000681c00000,0x0000000685f1fa80,0x0000000755f00000)
 Metaspace       used 54067K, capacity 59041K, committed 59160K, reserved 1099776K
  class space    used 7321K, capacity 8465K, committed 8496K, reserved 1048576K
Event: 19.021 GC heap after
Heap after GC invocations=18 (full 3):
 PSYoungGen      total 1668096K, used 0K [0x0000000755f00000, 0x00000007c0000000, 0x00000007c0000000)
  eden space 1614848K, 0% used [0x0000000755f00000,0x0000000755f00000,0x00000007b8800000)
  from space 53248K, 0% used [0x00000007b8800000,0x00000007b8800000,0x00000007bbc00000)
  to   space 61952K, 0% used [0x00000007bc380000,0x00000007bc380000,0x00000007c0000000)
 ParOldGen       total 3476480K, used 111666K [0x0000000681c00000, 0x0000000755f00000, 0x0000000755f00000)
  object space 3476480K, 3% used [0x0000000681c00000,0x000000068890c828,0x0000000755f00000)
 Metaspace       used 54067K, capacity 59041K, committed 59160K, reserved 1099776K
  class space    used 7321K, capacity 8465K, committed 8496K, reserved 1048576K
}
Event: 20.269 GC heap before
{Heap before GC invocations=19 (full 3):
 PSYoungGen      total 1668096K, used 1614848K [0x0000000755f00000, 0x00000007c0000000, 0x00000007c0000000)
  eden space 1614848K, 100% used [0x0000000755f00000,0x00000007b8800000,0x00000007b8800000)
  from space 53248K, 0% used [0x00000007b8800000,0x00000007b8800000,0x00000007bbc00000)
  to   space 61952K, 0% used [0x00000007bc380000,0x00000007bc380000,0x00000007c0000000)
 ParOldGen       total 3476480K, used 111666K [0x0000000681c00000, 0x0000000755f00000, 0x0000000755f00000)
  object space 3476480K, 3% used [0x0000000681c00000,0x000000068890c828,0x0000000755f00000)
 Metaspace       used 56576K, capacity 62845K, committed 63128K, reserved 1103872K
  class space    used 7760K, capacity 9093K, committed 9136K, reserved 1048576K
Event: 20.280 GC heap after
Heap after GC invocations=19 (full 3):
 PSYoungGen      total 1663488K, used 5907K [0x0000000755f00000, 0x00000007c0000000, 0x00000007c0000000)
  eden space 1601536K, 0% used [0x0000000755f00000,0x0000000755f00000,0x00000007b7b00000)
  from space 61952K, 9% used [0x00000007bc380000,0x00000007bc944c68,0x00000007c0000000)
  to   space 68096K, 0% used [0x00000007b7b00000,0x00000007b7b00000,0x00000007bbd80000)
 ParOldGen       total 3476480K, used 111674K [0x0000000681c00000, 0x0000000755f00000, 0x0000000755f00000)
  object space 3476480K, 3% used [0x0000000681c00000,0x000000068890e828,0x0000000755f00000)
 Metaspace       used 56576K, capacity 62845K, committed 63128K, reserved 1103872K
  class space    used 7760K, capacity 9093K, committed 9136K, reserved 1048576K
}
Event: 21.741 GC heap before
{Heap before GC invocations=20 (full 3):
 PSYoungGen      total 1663488K, used 1607443K [0x0000000755f00000, 0x00000007c0000000, 0x00000007c0000000)
  eden space 1601536K, 100% used [0x0000000755f00000,0x00000007b7b00000,0x00000007b7b00000)
  from space 61952K, 9% used [0x00000007bc380000,0x00000007bc944c68,0x00000007c0000000)
  to   space 68096K, 0% used [0x00000007b7b00000,0x00000007b7b00000,0x00000007bbd80000)
 ParOldGen       total 3476480K, used 111674K [0x0000000681c00000, 0x0000000755f00000, 0x0000000755f00000)
  object space 3476480K, 3% used [0x0000000681c00000,0x000000068890e828,0x0000000755f00000)
 Metaspace       used 59861K, capacity 66479K, committed 66712K, reserved 1105920K
  class space    used 8183K, capacity 9635K, committed 9648K, reserved 1048576K
Event: 21.757 GC heap after
Heap after GC invocations=20 (full 3):
 PSYoungGen      total 1615872K, used 14032K [0x0000000755f00000, 0x00000007c0000000, 0x00000007c0000000)
  eden space 1601536K, 0% used [0x0000000755f00000,0x0000000755f00000,0x00000007b7b00000)
  from space 14336K, 97% used [0x00000007b7b00000,0x00000007b88b4098,0x00000007b8900000)
  to   space 70656K, 0% used [0x00000007bbb00000,0x00000007bbb00000,0x00000007c0000000)
 ParOldGen       total 3476480K, used 111682K [0x0000000681c00000, 0x0000000755f00000, 0x0000000755f00000)
  object space 3476480K, 3% used [0x0000000681c00000,0x0000000688910828,0x0000000755f00000)
 Metaspace       used 59861K, capacity 66479K, committed 66712K, reserved 1105920K
  class space    used 8183K, capacity 9635K, committed 9648K, reserved 1048576K
}
Event: 29.638 GC heap before
{Heap before GC invocations=21 (full 3):
 PSYoungGen      total 1615872K, used 1615568K [0x0000000755f00000, 0x00000007c0000000, 0x00000007c0000000)
  eden space 1601536K, 100% used [0x0000000755f00000,0x00000007b7b00000,0x00000007b7b00000)
  from space 14336K, 97% used [0x00000007b7b00000,0x00000007b88b4098,0x00000007b8900000)
  to   space 70656K, 0% used [0x00000007bbb00000,0x00000007bbb00000,0x00000007c0000000)
 ParOldGen       total 3476480K, used 111682K [0x0000000681c00000, 0x0000000755f00000, 0x0000000755f00000)
  object space 3476480K, 3% used [0x0000000681c00000,0x0000000688910828,0x0000000755f00000)
 Metaspace       used 81686K, capacity 90077K, committed 90264K, reserved 1126400K
  class space    used 12117K, capacity 13969K, committed 14000K, reserved 1048576K
Event: 29.777 GC heap after
Heap after GC invocations=21 (full 3):
 PSYoungGen      total 1634304K, used 70641K [0x0000000755f00000, 0x00000007c0000000, 0x00000007c0000000)
  eden space 1563648K, 0% used [0x0000000755f00000,0x0000000755f00000,0x00000007b5600000)
  from space 70656K, 99% used [0x00000007bbb00000,0x00000007bfffc5c0,0x00000007c0000000)
  to   space 87040K, 0% used [0x00000007b5600000,0x00000007b5600000,0x00000007bab00000)
 ParOldGen       total 3476480K, used 134960K [0x0000000681c00000, 0x0000000755f00000, 0x0000000755f00000)
  object space 3476480K, 3% used [0x0000000681c00000,0x0000000689fcc208,0x0000000755f00000)
 Metaspace       used 81686K, capacity 90077K, committed 90264K, reserved 1126400K
  class space    used 12117K, capacity 13969K, committed 14000K, reserved 1048576K
}

