# JRE version: Java(TM) SE Runtime Environment (8.0_241-b07) (build 1.8.0_241-b07)
# Java VM: Java HotSpot(TM) 64-Bit Server VM (25.241-b07 mixed mode windows-amd64 compressed oops)
Heap:
 PSYoungGen      total 2399232K, used 520560K [0x000000072c400000, 0x00000007c0000000, 0x00000007c0000000)
  eden space 2377728K, 21% used [0x000000072c400000,0x000000074b3d30d8,0x00000007bd600000)
  from space 21504K, 59% used [0x00000007bd600000,0x00000007be289188,0x00000007beb00000)
  to   space 21504K, 0% used [0x00000007beb00000,0x00000007beb00000,0x00000007c0000000)
 ParOldGen       total 4841472K, used 997016K [0x0000000604c00000, 0x000000072c400000, 0x000000072c400000)
  object space 4841472K, 20% used [0x0000000604c00000,0x00000006419a6260,0x000000072c400000)
 Metaspace       used 115658K, capacity 129499K, committed 129688K, reserved 1159168K
  class space    used 16121K, capacity 19257K, committed 19376K, reserved 1048576K
GC Heap History (10 events):
Event: 2608.260 GC heap before
{Heap before GC invocations=113 (full 4):
 PSYoungGen      total 2397696K, used 2385376K [0x000000072c400000, 0x00000007c0000000, 0x00000007c0000000)
  eden space 2374144K, 100% used [0x000000072c400000,0x00000007bd280000,0x00000007bd280000)
  from space 23552K, 47% used [0x00000007be900000,0x00000007bf3f8028,0x00000007c0000000)
  to   space 23040K, 0% used [0x00000007bd280000,0x00000007bd280000,0x00000007be900000)
 ParOldGen       total 4841472K, used 969968K [0x0000000604c00000, 0x000000072c400000, 0x000000072c400000)
  object space 4841472K, 20% used [0x0000000604c00000,0x000000063ff3c208,0x000000072c400000)
 Metaspace       used 114949K, capacity 128571K, committed 128792K, reserved 1159168K
  class space    used 16011K, capacity 19136K, committed 19248K, reserved 1048576K
Event: 2608.268 GC heap after
Heap after GC invocations=113 (full 4):
 PSYoungGen      total 2397184K, used 8864K [0x000000072c400000, 0x00000007c0000000, 0x00000007c0000000)
  eden space 2374144K, 0% used [0x000000072c400000,0x000000072c400000,0x00000007bd280000)
  from space 23040K, 38% used [0x00000007bd280000,0x00000007bdb28000,0x00000007be900000)
  to   space 22016K, 0% used [0x00000007bea80000,0x00000007bea80000,0x00000007c0000000)
 ParOldGen       total 4841472K, used 972448K [0x0000000604c00000, 0x000000072c400000, 0x000000072c400000)
  object space 4841472K, 20% used [0x0000000604c00000,0x00000006401a8218,0x000000072c400000)
 Metaspace       used 114949K, capacity 128571K, committed 128792K, reserved 1159168K
  class space    used 16011K, capacity 19136K, committed 19248K, reserved 1048576K
}
Event: 2631.440 GC heap before
{Heap before GC invocations=114 (full 4):
 PSYoungGen      total 2397184K, used 2383008K [0x000000072c400000, 0x00000007c0000000, 0x00000007c0000000)
  eden space 2374144K, 100% used [0x000000072c400000,0x00000007bd280000,0x00000007bd280000)
  from space 23040K, 38% used [0x00000007bd280000,0x00000007bdb28000,0x00000007be900000)
  to   space 22016K, 0% used [0x00000007bea80000,0x00000007bea80000,0x00000007c0000000)
 ParOldGen       total 4841472K, used 972448K [0x0000000604c00000, 0x000000072c400000, 0x000000072c400000)
  object space 4841472K, 20% used [0x0000000604c00000,0x00000006401a8218,0x000000072c400000)
 Metaspace       used 114951K, capacity 128571K, committed 128792K, reserved 1159168K
  class space    used 16011K, capacity 19136K, committed 19248K, reserved 1048576K
Event: 2631.449 GC heap after
Heap after GC invocations=114 (full 4):
 PSYoungGen      total 2399744K, used 8832K [0x000000072c400000, 0x00000007c0000000, 0x00000007c0000000)
  eden space 2377728K, 0% used [0x000000072c400000,0x000000072c400000,0x00000007bd600000)
  from space 22016K, 40% used [0x00000007bea80000,0x00000007bf320000,0x00000007c0000000)
  to   space 20992K, 0% used [0x00000007bd600000,0x00000007bd600000,0x00000007bea80000)
 ParOldGen       total 4841472K, used 972528K [0x0000000604c00000, 0x000000072c400000, 0x000000072c400000)
  object space 4841472K, 20% used [0x0000000604c00000,0x00000006401bc218,0x000000072c400000)
 Metaspace       used 114951K, capacity 128571K, committed 128792K, reserved 1159168K
  class space    used 16011K, capacity 19136K, committed 19248K, reserved 1048576K
}
Event: 2655.108 GC heap before
{Heap before GC invocations=115 (full 4):
 PSYoungGen      total 2399744K, used 2386560K [0x000000072c400000, 0x00000007c0000000, 0x00000007c0000000)
  eden space 2377728K, 100% used [0x000000072c400000,0x00000007bd600000,0x00000007bd600000)
  from space 22016K, 40% used [0x00000007bea80000,0x00000007bf320000,0x00000007c0000000)
  to   space 20992K, 0% used [0x00000007bd600000,0x00000007bd600000,0x00000007bea80000)
 ParOldGen       total 4841472K, used 972528K [0x0000000604c00000, 0x000000072c400000, 0x000000072c400000)
  object space 4841472K, 20% used [0x0000000604c00000,0x00000006401bc218,0x000000072c400000)
 Metaspace       used 114951K, capacity 128571K, committed 128792K, reserved 1159168K
  class space    used 16011K, capacity 19136K, committed 19248K, reserved 1048576K
Event: 2655.120 GC heap after
Heap after GC invocations=115 (full 4):
 PSYoungGen      total 2398720K, used 1152K [0x000000072c400000, 0x00000007c0000000, 0x00000007c0000000)
  eden space 2377728K, 0% used [0x000000072c400000,0x000000072c400000,0x00000007bd600000)
  from space 20992K, 5% used [0x00000007bd600000,0x00000007bd720000,0x00000007bea80000)
  to   space 21504K, 0% used [0x00000007beb00000,0x00000007beb00000,0x00000007c0000000)
 ParOldGen       total 4841472K, used 980464K [0x0000000604c00000, 0x000000072c400000, 0x000000072c400000)
  object space 4841472K, 20% used [0x0000000604c00000,0x000000064097c250,0x000000072c400000)
 Metaspace       used 114951K, capacity 128571K, committed 128792K, reserved 1159168K
  class space    used 16011K, capacity 19136K, committed 19248K, reserved 1048576K
}
Event: 2677.019 GC heap before
{Heap before GC invocations=116 (full 4):
 PSYoungGen      total 2398720K, used 2378880K [0x000000072c400000, 0x00000007c0000000, 0x00000007c0000000)
  eden space 2377728K, 100% used [0x000000072c400000,0x00000007bd600000,0x00000007bd600000)
  from space 20992K, 5% used [0x00000007bd600000,0x00000007bd720000,0x00000007bea80000)
  to   space 21504K, 0% used [0x00000007beb00000,0x00000007beb00000,0x00000007c0000000)
 ParOldGen       total 4841472K, used 980464K [0x0000000604c00000, 0x000000072c400000, 0x000000072c400000)
  object space 4841472K, 20% used [0x0000000604c00000,0x000000064097c250,0x000000072c400000)
 Metaspace       used 115414K, capacity 129137K, committed 129304K, reserved 1159168K
  class space    used 16089K, capacity 19224K, committed 19248K, reserved 1048576K
Event: 2677.027 GC heap after
Heap after GC invocations=116 (full 4):
 PSYoungGen      total 2399232K, used 1825K [0x000000072c400000, 0x00000007c0000000, 0x00000007c0000000)
  eden space 2377728K, 0% used [0x000000072c400000,0x000000072c400000,0x00000007bd600000)
  from space 21504K, 8% used [0x00000007beb00000,0x00000007becc8480,0x00000007c0000000)
  to   space 21504K, 0% used [0x00000007bd600000,0x00000007bd600000,0x00000007beb00000)
 ParOldGen       total 4841472K, used 980608K [0x0000000604c00000, 0x000000072c400000, 0x000000072c400000)
  object space 4841472K, 20% used [0x0000000604c00000,0x00000006409a0250,0x000000072c400000)
 Metaspace       used 115414K, capacity 129137K, committed 129304K, reserved 1159168K
  class space    used 16089K, capacity 19224K, committed 19248K, reserved 1048576K
}
Event: 2697.122 GC heap before
{Heap before GC invocations=117 (full 4):
 PSYoungGen      total 2399232K, used 2379553K [0x000000072c400000, 0x00000007c0000000, 0x00000007c0000000)
  eden space 2377728K, 100% used [0x000000072c400000,0x00000007bd600000,0x00000007bd600000)
  from space 21504K, 8% used [0x00000007beb00000,0x00000007becc8480,0x00000007c0000000)
  to   space 21504K, 0% used [0x00000007bd600000,0x00000007bd600000,0x00000007beb00000)
 ParOldGen       total 4841472K, used 980608K [0x0000000604c00000, 0x000000072c400000, 0x000000072c400000)
  object space 4841472K, 20% used [0x0000000604c00000,0x00000006409a0250,0x000000072c400000)
 Metaspace       used 115622K, capacity 129467K, committed 129688K, reserved 1159168K
  class space    used 16115K, capacity 19251K, committed 19376K, reserved 1048576K
Event: 2697.139 GC heap after
Heap after GC invocations=117 (full 4):
 PSYoungGen      total 2399232K, used 12836K [0x000000072c400000, 0x00000007c0000000, 0x00000007c0000000)
  eden space 2377728K, 0% used [0x000000072c400000,0x000000072c400000,0x00000007bd600000)
  from space 21504K, 59% used [0x00000007bd600000,0x00000007be289188,0x00000007beb00000)
  to   space 21504K, 0% used [0x00000007beb00000,0x00000007beb00000,0x00000007c0000000)
 ParOldGen       total 4841472K, used 997016K [0x0000000604c00000, 0x000000072c400000, 0x000000072c400000)
  object space 4841472K, 20% used [0x0000000604c00000,0x00000006419a6260,0x000000072c400000)
 Metaspace       used 115622K, capacity 129467K, committed 129688K, reserved 1159168K
  class space    used 16115K, capacity 19251K, committed 19376K, reserved 1048576K
}

