# JRE version: Java(TM) SE Runtime Environment (8.0_241-b07) (build 1.8.0_241-b07)
# Java VM: Java HotSpot(TM) 64-Bit Server VM (25.241-b07 mixed mode windows-amd64 compressed oops)
Heap:
 PSYoungGen      total 685056K, used 441214K [0x0000000794700000, 0x00000007c0000000, 0x00000007c0000000)
  eden space 669696K, 65% used [0x0000000794700000,0x00000007af5df978,0x00000007bd500000)
  from space 15360K, 0% used [0x00000007bd500000,0x00000007bd500000,0x00000007be400000)
  to   space 23040K, 0% used [0x00000007be980000,0x00000007be980000,0x00000007c0000000)
 ParOldGen       total 1428480K, used 121815K [0x000000073d400000, 0x0000000794700000, 0x0000000794700000)
  object space 1428480K, 8% used [0x000000073d400000,0x0000000744af5e58,0x0000000794700000)
 Metaspace       used 74831K, capacity 82035K, committed 82304K, reserved 1118208K
  class space    used 11204K, capacity 12823K, committed 12928K, reserved 1048576K
GC Heap History (10 events):
Event: 23.678 GC heap before
{Heap before GC invocations=40 (full 2):
 PSYoungGen      total 687616K, used 687192K [0x0000000794700000, 0x00000007c0000000, 0x00000007c0000000)
  eden space 674304K, 100% used [0x0000000794700000,0x00000007bd980000,0x00000007bd980000)
  from space 13312K, 96% used [0x00000007bd980000,0x00000007be616050,0x00000007be680000)
  to   space 20480K, 0% used [0x00000007bec00000,0x00000007bec00000,0x00000007c0000000)
 ParOldGen       total 1428480K, used 116671K [0x000000073d400000, 0x0000000794700000, 0x0000000794700000)
  object space 1428480K, 8% used [0x000000073d400000,0x00000007445efd30,0x0000000794700000)
 Metaspace       used 52706K, capacity 57535K, committed 57728K, reserved 1099776K
  class space    used 7154K, capacity 8284K, committed 8320K, reserved 1048576K
Event: 23.700 GC heap after
Heap after GC invocations=40 (full 2):
 PSYoungGen      total 692224K, used 12632K [0x0000000794700000, 0x00000007c0000000, 0x00000007c0000000)
  eden space 671744K, 0% used [0x0000000794700000,0x0000000794700000,0x00000007bd700000)
  from space 20480K, 61% used [0x00000007bec00000,0x00000007bf856050,0x00000007c0000000)
  to   space 20992K, 0% used [0x00000007bd700000,0x00000007bd700000,0x00000007beb80000)
 ParOldGen       total 1428480K, used 117260K [0x000000073d400000, 0x0000000794700000, 0x0000000794700000)
  object space 1428480K, 8% used [0x000000073d400000,0x00000007446833e8,0x0000000794700000)
 Metaspace       used 52706K, capacity 57535K, committed 57728K, reserved 1099776K
  class space    used 7154K, capacity 8284K, committed 8320K, reserved 1048576K
}
Event: 24.130 GC heap before
{Heap before GC invocations=41 (full 2):
 PSYoungGen      total 692224K, used 684376K [0x0000000794700000, 0x00000007c0000000, 0x00000007c0000000)
  eden space 671744K, 100% used [0x0000000794700000,0x00000007bd700000,0x00000007bd700000)
  from space 20480K, 61% used [0x00000007bec00000,0x00000007bf856050,0x00000007c0000000)
  to   space 20992K, 0% used [0x00000007bd700000,0x00000007bd700000,0x00000007beb80000)
 ParOldGen       total 1428480K, used 117260K [0x000000073d400000, 0x0000000794700000, 0x0000000794700000)
  object space 1428480K, 8% used [0x000000073d400000,0x00000007446833e8,0x0000000794700000)
 Metaspace       used 52713K, capacity 57541K, committed 57728K, reserved 1099776K
  class space    used 7155K, capacity 8285K, committed 8320K, reserved 1048576K
Event: 24.150 GC heap after
Heap after GC invocations=41 (full 2):
 PSYoungGen      total 684544K, used 12504K [0x0000000794700000, 0x00000007c0000000, 0x00000007c0000000)
  eden space 671744K, 0% used [0x0000000794700000,0x0000000794700000,0x00000007bd700000)
  from space 12800K, 97% used [0x00000007bd700000,0x00000007be336050,0x00000007be380000)
  to   space 21504K, 0% used [0x00000007beb00000,0x00000007beb00000,0x00000007c0000000)
 ParOldGen       total 1428480K, used 117764K [0x000000073d400000, 0x0000000794700000, 0x0000000794700000)
  object space 1428480K, 8% used [0x000000073d400000,0x00000007447013f8,0x0000000794700000)
 Metaspace       used 52713K, capacity 57541K, committed 57728K, reserved 1099776K
  class space    used 7155K, capacity 8285K, committed 8320K, reserved 1048576K
}
Event: 24.464 GC heap before
{Heap before GC invocations=42 (full 2):
 PSYoungGen      total 684544K, used 684248K [0x0000000794700000, 0x00000007c0000000, 0x00000007c0000000)
  eden space 671744K, 100% used [0x0000000794700000,0x00000007bd700000,0x00000007bd700000)
  from space 12800K, 97% used [0x00000007bd700000,0x00000007be336050,0x00000007be380000)
  to   space 21504K, 0% used [0x00000007beb00000,0x00000007beb00000,0x00000007c0000000)
 ParOldGen       total 1428480K, used 117764K [0x000000073d400000, 0x0000000794700000, 0x0000000794700000)
  object space 1428480K, 8% used [0x000000073d400000,0x00000007447013f8,0x0000000794700000)
 Metaspace       used 52713K, capacity 57541K, committed 57728K, reserved 1099776K
  class space    used 7155K, capacity 8285K, committed 8320K, reserved 1048576K
Event: 24.478 GC heap after
Heap after GC invocations=42 (full 2):
 PSYoungGen      total 691200K, used 12888K [0x0000000794700000, 0x00000007c0000000, 0x00000007c0000000)
  eden space 669696K, 0% used [0x0000000794700000,0x0000000794700000,0x00000007bd500000)
  from space 21504K, 59% used [0x00000007beb00000,0x00000007bf796050,0x00000007c0000000)
  to   space 22016K, 0% used [0x00000007bd500000,0x00000007bd500000,0x00000007bea80000)
 ParOldGen       total 1428480K, used 117972K [0x000000073d400000, 0x0000000794700000, 0x0000000794700000)
  object space 1428480K, 8% used [0x000000073d400000,0x00000007447353f8,0x0000000794700000)
 Metaspace       used 52713K, capacity 57541K, committed 57728K, reserved 1099776K
  class space    used 7155K, capacity 8285K, committed 8320K, reserved 1048576K
}
Event: 25.078 GC heap before
{Heap before GC invocations=43 (full 2):
 PSYoungGen      total 691200K, used 583127K [0x0000000794700000, 0x00000007c0000000, 0x00000007c0000000)
  eden space 669696K, 85% used [0x0000000794700000,0x00000007b73dfdb0,0x00000007bd500000)
  from space 21504K, 59% used [0x00000007beb00000,0x00000007bf796050,0x00000007c0000000)
  to   space 22016K, 0% used [0x00000007bd500000,0x00000007bd500000,0x00000007bea80000)
 ParOldGen       total 1428480K, used 117972K [0x000000073d400000, 0x0000000794700000, 0x0000000794700000)
  object space 1428480K, 8% used [0x000000073d400000,0x00000007447353f8,0x0000000794700000)
 Metaspace       used 53878K, capacity 58843K, committed 59008K, reserved 1099776K
  class space    used 7311K, capacity 8465K, committed 8576K, reserved 1048576K
Event: 25.100 GC heap after
Heap after GC invocations=43 (full 2):
 PSYoungGen      total 685056K, used 15045K [0x0000000794700000, 0x00000007c0000000, 0x00000007c0000000)
  eden space 669696K, 0% used [0x0000000794700000,0x0000000794700000,0x00000007bd500000)
  from space 15360K, 97% used [0x00000007bd500000,0x00000007be3b1768,0x00000007be400000)
  to   space 23040K, 0% used [0x00000007be980000,0x00000007be980000,0x00000007c0000000)
 ParOldGen       total 1428480K, used 118221K [0x000000073d400000, 0x0000000794700000, 0x0000000794700000)
  object space 1428480K, 8% used [0x000000073d400000,0x0000000744773408,0x0000000794700000)
 Metaspace       used 53878K, capacity 58843K, committed 59008K, reserved 1099776K
  class space    used 7311K, capacity 8465K, committed 8576K, reserved 1048576K
}
Event: 25.100 GC heap before
{Heap before GC invocations=44 (full 3):
 PSYoungGen      total 685056K, used 15045K [0x0000000794700000, 0x00000007c0000000, 0x00000007c0000000)
  eden space 669696K, 0% used [0x0000000794700000,0x0000000794700000,0x00000007bd500000)
  from space 15360K, 97% used [0x00000007bd500000,0x00000007be3b1768,0x00000007be400000)
  to   space 23040K, 0% used [0x00000007be980000,0x00000007be980000,0x00000007c0000000)
 ParOldGen       total 1428480K, used 118221K [0x000000073d400000, 0x0000000794700000, 0x0000000794700000)
  object space 1428480K, 8% used [0x000000073d400000,0x0000000744773408,0x0000000794700000)
 Metaspace       used 53878K, capacity 58843K, committed 59008K, reserved 1099776K
  class space    used 7311K, capacity 8465K, committed 8576K, reserved 1048576K
Event: 26.288 GC heap after
Heap after GC invocations=44 (full 3):
 PSYoungGen      total 685056K, used 0K [0x0000000794700000, 0x00000007c0000000, 0x00000007c0000000)
  eden space 669696K, 0% used [0x0000000794700000,0x0000000794700000,0x00000007bd500000)
  from space 15360K, 0% used [0x00000007bd500000,0x00000007bd500000,0x00000007be400000)
  to   space 23040K, 0% used [0x00000007be980000,0x00000007be980000,0x00000007c0000000)
 ParOldGen       total 1428480K, used 121815K [0x000000073d400000, 0x0000000794700000, 0x0000000794700000)
  object space 1428480K, 8% used [0x000000073d400000,0x0000000744af5e58,0x0000000794700000)
 Metaspace       used 53878K, capacity 58843K, committed 59008K, reserved 1099776K
  class space    used 7311K, capacity 8465K, committed 8576K, reserved 1048576K
}

