# JRE version: Java(TM) SE Runtime Environment (8.0_241-b07) (build 1.8.0_241-b07)
# Java VM: Java HotSpot(TM) 64-Bit Server VM (25.241-b07 mixed mode windows-amd64 compressed oops)
Heap:
 PSYoungGen      total 2503680K, used 585827K [0x0000000717700000, 0x00000007c0000000, 0x00000007c0000000)
  eden space 2439168K, 24% used [0x0000000717700000,0x000000073b318e60,0x00000007ac500000)
  from space 64512K, 0% used [0x00000007bc100000,0x00000007bc100000,0x00000007c0000000)
  to   space 161280K, 0% used [0x00000007ac500000,0x00000007ac500000,0x00000007b6280000)
 ParOldGen       total 5524480K, used 422969K [0x00000005c6400000, 0x0000000717700000, 0x0000000717700000)
  object space 5524480K, 7% used [0x00000005c6400000,0x00000005e010e780,0x0000000717700000)
 Metaspace       used 90402K, capacity 100119K, committed 100392K, reserved 1134592K
  class space    used 12998K, capacity 15093K, committed 15152K, reserved 1048576K
GC Heap History (10 events):
Event: 15.644 GC heap before
{Heap before GC invocations=14 (full 3):
 PSYoungGen      total 2697216K, used 52914K [0x0000000717700000, 0x00000007c0000000, 0x00000007c0000000)
  eden space 2643968K, 0% used [0x0000000717700000,0x0000000717700000,0x00000007b8d00000)
  from space 53248K, 99% used [0x00000007b8d00000,0x00000007bc0ac840,0x00000007bc100000)
  to   space 60416K, 0% used [0x00000007bc500000,0x00000007bc500000,0x00000007c0000000)
 ParOldGen       total 5524480K, used 70853K [0x00000005c6400000, 0x0000000717700000, 0x0000000717700000)
  object space 5524480K, 1% used [0x00000005c6400000,0x00000005ca931718,0x0000000717700000)
 Metaspace       used 54185K, capacity 59059K, committed 59160K, reserved 1099776K
  class space    used 7377K, capacity 8539K, committed 8624K, reserved 1048576K
Event: 16.495 GC heap after
Heap after GC invocations=14 (full 3):
 PSYoungGen      total 2697216K, used 0K [0x0000000717700000, 0x00000007c0000000, 0x00000007c0000000)
  eden space 2643968K, 0% used [0x0000000717700000,0x0000000717700000,0x00000007b8d00000)
  from space 53248K, 0% used [0x00000007b8d00000,0x00000007b8d00000,0x00000007bc100000)
  to   space 60416K, 0% used [0x00000007bc500000,0x00000007bc500000,0x00000007c0000000)
 ParOldGen       total 5524480K, used 113188K [0x00000005c6400000, 0x0000000717700000, 0x0000000717700000)
  object space 5524480K, 2% used [0x00000005c6400000,0x00000005cd2891e8,0x0000000717700000)
 Metaspace       used 54185K, capacity 59059K, committed 59160K, reserved 1099776K
  class space    used 7377K, capacity 8539K, committed 8624K, reserved 1048576K
}
Event: 17.967 GC heap before
{Heap before GC invocations=15 (full 3):
 PSYoungGen      total 2697216K, used 2643968K [0x0000000717700000, 0x00000007c0000000, 0x00000007c0000000)
  eden space 2643968K, 100% used [0x0000000717700000,0x00000007b8d00000,0x00000007b8d00000)
  from space 53248K, 0% used [0x00000007b8d00000,0x00000007b8d00000,0x00000007bc100000)
  to   space 60416K, 0% used [0x00000007bc500000,0x00000007bc500000,0x00000007c0000000)
 ParOldGen       total 5524480K, used 113188K [0x00000005c6400000, 0x0000000717700000, 0x0000000717700000)
  object space 5524480K, 2% used [0x00000005c6400000,0x00000005cd2891e8,0x0000000717700000)
 Metaspace       used 59499K, capacity 65977K, committed 66216K, reserved 1105920K
  class space    used 8144K, capacity 9581K, committed 9648K, reserved 1048576K
Event: 17.982 GC heap after
Heap after GC invocations=15 (full 3):
 PSYoungGen      total 2693120K, used 14601K [0x0000000717700000, 0x00000007c0000000, 0x00000007c0000000)
  eden space 2632704K, 0% used [0x0000000717700000,0x0000000717700000,0x00000007b8200000)
  from space 60416K, 24% used [0x00000007bc500000,0x00000007bd342448,0x00000007c0000000)
  to   space 64512K, 0% used [0x00000007b8200000,0x00000007b8200000,0x00000007bc100000)
 ParOldGen       total 5524480K, used 113196K [0x00000005c6400000, 0x0000000717700000, 0x0000000717700000)
  object space 5524480K, 2% used [0x00000005c6400000,0x00000005cd28b1e8,0x0000000717700000)
 Metaspace       used 59499K, capacity 65977K, committed 66216K, reserved 1105920K
  class space    used 8144K, capacity 9581K, committed 9648K, reserved 1048576K
}
Event: 30.765 GC heap before
{Heap before GC invocations=16 (full 3):
 PSYoungGen      total 2693120K, used 2647305K [0x0000000717700000, 0x00000007c0000000, 0x00000007c0000000)
  eden space 2632704K, 100% used [0x0000000717700000,0x00000007b8200000,0x00000007b8200000)
  from space 60416K, 24% used [0x00000007bc500000,0x00000007bd342448,0x00000007c0000000)
  to   space 64512K, 0% used [0x00000007b8200000,0x00000007b8200000,0x00000007bc100000)
 ParOldGen       total 5524480K, used 113196K [0x00000005c6400000, 0x0000000717700000, 0x0000000717700000)
  object space 5524480K, 2% used [0x00000005c6400000,0x00000005cd28b1e8,0x0000000717700000)
 Metaspace       used 84284K, capacity 93123K, committed 93352K, reserved 1128448K
  class space    used 12314K, capacity 14255K, committed 14256K, reserved 1048576K
Event: 30.904 GC heap after
Heap after GC invocations=16 (full 3):
 PSYoungGen      total 2697216K, used 64506K [0x0000000717700000, 0x00000007c0000000, 0x00000007c0000000)
  eden space 2632704K, 0% used [0x0000000717700000,0x0000000717700000,0x00000007b8200000)
  from space 64512K, 99% used [0x00000007b8200000,0x00000007bc0febf0,0x00000007bc100000)
  to   space 64512K, 0% used [0x00000007bc100000,0x00000007bc100000,0x00000007c0000000)
 ParOldGen       total 5524480K, used 385309K [0x00000005c6400000, 0x0000000717700000, 0x0000000717700000)
  object space 5524480K, 6% used [0x00000005c6400000,0x00000005ddc47660,0x0000000717700000)
 Metaspace       used 84284K, capacity 93123K, committed 93352K, reserved 1128448K
  class space    used 12314K, capacity 14255K, committed 14256K, reserved 1048576K
}
Event: 32.390 GC heap before
{Heap before GC invocations=17 (full 3):
 PSYoungGen      total 2697216K, used 284984K [0x0000000717700000, 0x00000007c0000000, 0x00000007c0000000)
  eden space 2632704K, 8% used [0x0000000717700000,0x0000000724e4f5a0,0x00000007b8200000)
  from space 64512K, 99% used [0x00000007b8200000,0x00000007bc0febf0,0x00000007bc100000)
  to   space 64512K, 0% used [0x00000007bc100000,0x00000007bc100000,0x00000007c0000000)
 ParOldGen       total 5524480K, used 385309K [0x00000005c6400000, 0x0000000717700000, 0x0000000717700000)
  object space 5524480K, 6% used [0x00000005c6400000,0x00000005ddc47660,0x0000000717700000)
 Metaspace       used 88945K, capacity 98545K, committed 98600K, reserved 1132544K
  class space    used 12921K, capacity 14992K, committed 15024K, reserved 1048576K
Event: 32.446 GC heap after
Heap after GC invocations=17 (full 3):
 PSYoungGen      total 2503680K, used 64497K [0x0000000717700000, 0x00000007c0000000, 0x00000007c0000000)
  eden space 2439168K, 0% used [0x0000000717700000,0x0000000717700000,0x00000007ac500000)
  from space 64512K, 99% used [0x00000007bc100000,0x00000007bfffc780,0x00000007c0000000)
  to   space 161280K, 0% used [0x00000007ac500000,0x00000007ac500000,0x00000007b6280000)
 ParOldGen       total 5524480K, used 392424K [0x00000005c6400000, 0x0000000717700000, 0x0000000717700000)
  object space 5524480K, 7% used [0x00000005c6400000,0x00000005de33a2c8,0x0000000717700000)
 Metaspace       used 88945K, capacity 98545K, committed 98600K, reserved 1132544K
  class space    used 12921K, capacity 14992K, committed 15024K, reserved 1048576K
}
Event: 32.446 GC heap before
{Heap before GC invocations=18 (full 4):
 PSYoungGen      total 2503680K, used 64497K [0x0000000717700000, 0x00000007c0000000, 0x00000007c0000000)
  eden space 2439168K, 0% used [0x0000000717700000,0x0000000717700000,0x00000007ac500000)
  from space 64512K, 99% used [0x00000007bc100000,0x00000007bfffc780,0x00000007c0000000)
  to   space 161280K, 0% used [0x00000007ac500000,0x00000007ac500000,0x00000007b6280000)
 ParOldGen       total 5524480K, used 392424K [0x00000005c6400000, 0x0000000717700000, 0x0000000717700000)
  object space 5524480K, 7% used [0x00000005c6400000,0x00000005de33a2c8,0x0000000717700000)
 Metaspace       used 88945K, capacity 98545K, committed 98600K, reserved 1132544K
  class space    used 12921K, capacity 14992K, committed 15024K, reserved 1048576K
Event: 33.586 GC heap after
Heap after GC invocations=18 (full 4):
 PSYoungGen      total 2503680K, used 0K [0x0000000717700000, 0x00000007c0000000, 0x00000007c0000000)
  eden space 2439168K, 0% used [0x0000000717700000,0x0000000717700000,0x00000007ac500000)
  from space 64512K, 0% used [0x00000007bc100000,0x00000007bc100000,0x00000007c0000000)
  to   space 161280K, 0% used [0x00000007ac500000,0x00000007ac500000,0x00000007b6280000)
 ParOldGen       total 5524480K, used 422969K [0x00000005c6400000, 0x0000000717700000, 0x0000000717700000)
  object space 5524480K, 7% used [0x00000005c6400000,0x00000005e010e780,0x0000000717700000)
 Metaspace       used 88821K, capacity 98237K, committed 98600K, reserved 1132544K
  class space    used 12876K, capacity 14914K, committed 15024K, reserved 1048576K
}

